Configuring monad-par-extras-0.3.3...
Preprocessing library for monad-par-extras-0.3.3..
Building library for monad-par-extras-0.3.3..
[1 of 5] Compiling Control.Monad.Par.Combinator ( Control\Monad\Par\Combinator.hs, .stack-work\dist\7d103d30\build\Control\Monad\Par\Combinator.o )

[;1mControl\Monad\Par\Combinator.hs:88:1: [;1m[35mwarning:[0m[0m[;1m [[;1m[35m-Wtabs[0m[0m[;1m][0m[0m[;1m
    Tab character found here, and in 24 further locations.
    Please use spaces instead.[0m[0m
[;1m[34m   |[0m[0m
[;1m[34m88 |[0m[0m [;1m[35m        [0m[0mlet mapred a b = do x <- fn b;
[;1m[34m   |[0m[0m[;1m[35m ^^^^^^^^[0m[0m
[0m[0m[0m[2 of 5] Compiling Control.Monad.Par.AList ( Control\Monad\Par\AList.hs, .stack-work\dist\7d103d30\build\Control\Monad\Par\AList.o )

[;1mControl\Monad\Par\AList.hs:59:1: [;1m[35mwarning:[0m[0m[;1m [[;1m[35m-Wtabs[0m[0m[;1m][0m[0m[;1m
    Tab character found here, and in 17 further locations.
    Please use spaces instead.[0m[0m
[;1m[34m   |[0m[0m
[;1m[34m59 |[0m[0m [;1m[35m        [0m[0m   return (fromList x)
[;1m[34m   |[0m[0m[;1m[35m ^^^^^^^^[0m[0m
[0m[0m[0m[3 of 5] Compiling Control.Monad.Par.State ( Control\Monad\Par\State.hs, .stack-work\dist\7d103d30\build\Control\Monad\Par\State.o )
[4 of 5] Compiling Control.Monad.Par.RNG ( Control\Monad\Par\RNG.hs, .stack-work\dist\7d103d30\build\Control\Monad\Par\RNG.o )

[;1mControl\Monad\Par\RNG.hs:43:1: [;1m[35mwarning:[0m[0m[;1m [[;1m[35m-Wtabs[0m[0m[;1m][0m[0m[;1m
    Tab character found here, and in four further locations.
    Please use spaces instead.[0m[0m
[;1m[34m   |[0m[0m
[;1m[34m43 |[0m[0m [;1m[35m        [0m[0m       let (x,g') = random g 
[;1m[34m   |[0m[0m[;1m[35m ^^^^^^^^[0m[0m
[0m[0m[0m[5 of 5] Compiling Control.Monad.Par.Pedigree ( Control\Monad\Par\Pedigree.hs, .stack-work\dist\7d103d30\build\Control\Monad\Par\Pedigree.o )

[;1mControl\Monad\Par\Pedigree.hs:38:1: [;1m[35mwarning:[0m[0m[;1m [[;1m[35m-Wtabs[0m[0m[;1m][0m[0m[;1m
    Tab character found here.
    Please use spaces instead.[0m[0m
[;1m[34m   |[0m[0m
[;1m[34m38 |[0m[0m [;1m[35m        [0m[0m         treePath    :: !BList }
[;1m[34m   |[0m[0m[;1m[35m ^^^^^^^^[0m[0m
[0m[0m[0mInstalling library in C:\sr\snapshots\889ff22c\lib\x86_64-windows-ghc-8.4.4\monad-par-extras-0.3.3-3pDREQqLvuk3GPBfgX7vQU
Registering library for monad-par-extras-0.3.3..
